Started GET "/home/index" for 127.0.0.1 at 2023-11-28 17:27:24 +0200
Processing by HomeController#index as HTML
  Rendering layout layouts/application.html.erb
  Rendering home/index.html.erb within layouts/application
  Rendered home/index.html.erb within layouts/application (Duration: 7.8ms | Allocations: 491)
  Rendered layout layouts/application.html.erb (Duration: 413.1ms | Allocations: 83248)
Completed 500 Internal Server Error in 508ms (ActiveRecord: 0.0ms | Allocations: 90510)


  
ActionView::Template::Error (Permission denied @ rb_file_s_rename - (D:/Ruby/project/RailsProject/tmp/cache/assets/sprockets/v4.0.0/6U/6UOqAm1GNaaOl4PrfJvTO-fGH86Reluno9f4T-ReZUs.cache.21200.6728.890630, D:/Ruby/project/RailsProject/tmp/cache/assets/sprockets/v4.0.0/6U/6UOqAm1GNaaOl4PrfJvTO-fGH86Reluno9f4T-ReZUs.cache)):
  
sprockets (4.2.1) lib/sprockets/path_utils.rb:362:in `rename'
sprockets (4.2.1) lib/sprockets/path_utils.rb:362:in `atomic_write'
sprockets (4.2.1) lib/sprockets/cache/file_store.rb:112:in `set'
sprockets (4.2.1) lib/sprockets/cache.rb:227:in `set'
sprockets (4.2.1) lib/sprockets/cache.rb:143:in `set'
sprockets (4.2.1) lib/sprockets/loader.rb:268:in `store_asset'
sprockets (4.2.1) lib/sprockets/loader.rb:228:in `load_from_unloaded'
sprockets (4.2.1) lib/sprockets/loader.rb:59:in `block in load'
sprockets (4.2.1) lib/sprockets/loader.rb:339:in `fetch_asset_from_dependency_cache'
sprockets (4.2.1) lib/sprockets/loader.rb:43:in `load'
sprockets (4.2.1) lib/sprockets/cached_environment.rb:44:in `block in load'
concurrent-ruby (1.2.2) lib/concurrent-ruby/concurrent/map.rb:207:in `block in fetch_or_store'
concurrent-ruby (1.2.2) lib/concurrent-ruby/concurrent/map.rb:187:in `fetch'
concurrent-ruby (1.2.2) lib/concurrent-ruby/concurrent/map.rb:206:in `fetch_or_store'
sprockets (4.2.1) lib/sprockets/cached_environment.rb:44:in `load'
sprockets (4.2.1) lib/sprockets/bundle.rb:27:in `call'
sprockets (4.2.1) lib/sprockets/processor_utils.rb:84:in `call_processor'
sprockets (4.2.1) lib/sprockets/processor_utils.rb:66:in `block in call_processors'
sprockets (4.2.1) lib/sprockets/processor_utils.rb:65:in `reverse_each'
sprockets (4.2.1) lib/sprockets/processor_utils.rb:65:in `call_processors'
sprockets (4.2.1) lib/sprockets/loader.rb:184:in `load_from_unloaded'
sprockets (4.2.1) lib/sprockets/loader.rb:59:in `block in load'
sprockets (4.2.1) lib/sprockets/loader.rb:339:in `fetch_asset_from_dependency_cache'
sprockets (4.2.1) lib/sprockets/loader.rb:43:in `load'
sprockets (4.2.1) lib/sprockets/cached_environment.rb:44:in `block in load'
concurrent-ruby (1.2.2) lib/concurrent-ruby/concurrent/map.rb:207:in `block in fetch_or_store'
concurrent-ruby (1.2.2) lib/concurrent-ruby/concurrent/map.rb:187:in `fetch'
concurrent-ruby (1.2.2) lib/concurrent-ruby/concurrent/map.rb:206:in `fetch_or_store'
sprockets (4.2.1) lib/sprockets/cached_environment.rb:44:in `load'
sprockets (4.2.1) lib/sprockets/bundle.rb:32:in `block in call'
C:/RailsInstaller/Ruby3.1.2/lib/ruby/3.1.0/set.rb:511:in `each_key'
C:/RailsInstaller/Ruby3.1.2/lib/ruby/3.1.0/set.rb:511:in `each'
sprockets (4.2.1) lib/sprockets/bundle.rb:31:in `call'
sprockets (4.2.1) lib/sprockets/processor_utils.rb:84:in `call_processor'
sprockets (4.2.1) lib/sprockets/processor_utils.rb:66:in `block in call_processors'
sprockets (4.2.1) lib/sprockets/processor_utils.rb:65:in `reverse_each'
sprockets (4.2.1) lib/sprockets/processor_utils.rb:65:in `call_processors'
sprockets (4.2.1) lib/sprockets/loader.rb:184:in `load_from_unloaded'
sprockets (4.2.1) lib/sprockets/loader.rb:59:in `block in load'
sprockets (4.2.1) lib/sprockets/loader.rb:339:in `fetch_asset_from_dependency_cache'
sprockets (4.2.1) lib/sprockets/loader.rb:43:in `load'
sprockets (4.2.1) lib/sprockets/cached_environment.rb:44:in `block in load'
concurrent-ruby (1.2.2) lib/concurrent-ruby/concurrent/map.rb:207:in `block in fetch_or_store'
concurrent-ruby (1.2.2) lib/concurrent-ruby/concurrent/map.rb:187:in `fetch'
concurrent-ruby (1.2.2) lib/concurrent-ruby/concurrent/map.rb:206:in `fetch_or_store'
sprockets (4.2.1) lib/sprockets/cached_environment.rb:44:in `load'
sprockets (4.2.1) lib/sprockets/base.rb:81:in `find_asset'
sprockets (4.2.1) lib/sprockets/base.rb:88:in `find_all_linked_assets'
sprockets (4.2.1) lib/sprockets/manifest.rb:125:in `each'
sprockets (4.2.1) lib/sprockets/manifest.rb:125:in `to_a'
sprockets (4.2.1) lib/sprockets/manifest.rb:125:in `block (2 levels) in find'
concurrent-ruby (1.2.2) lib/concurrent-ruby/concurrent/executor/safe_task_executor.rb:24:in `block in execute'
concurrent-ruby (1.2.2) lib/concurrent-ruby/concurrent/synchronization/mutex_lockable_object.rb:48:in `block in synchronize'
concurrent-ruby (1.2.2) lib/concurrent-ruby/concurrent/synchronization/mutex_lockable_object.rb:48:in `synchronize'
concurrent-ruby (1.2.2) lib/concurrent-ruby/concurrent/synchronization/mutex_lockable_object.rb:48:in `synchronize'
concurrent-ruby (1.2.2) lib/concurrent-ruby/concurrent/executor/safe_task_executor.rb:22:in `execute'
concurrent-ruby (1.2.2) lib/concurrent-ruby/concurrent/promise.rb:564:in `block in realize'
concurrent-ruby (1.2.2) lib/concurrent-ruby/concurrent/executor/ruby_thread_pool_executor.rb:352:in `run_task'
concurrent-ruby (1.2.2) lib/concurrent-ruby/concurrent/executor/ruby_thread_pool_executor.rb:343:in `block (3 levels) in create_worker'
concurrent-ruby (1.2.2) lib/concurrent-ruby/concurrent/executor/ruby_thread_pool_executor.rb:334:in `loop'
concurrent-ruby (1.2.2) lib/concurrent-ruby/concurrent/executor/ruby_thread_pool_executor.rb:334:in `block (2 levels) in create_worker'
concurrent-ruby (1.2.2) lib/concurrent-ruby/concurrent/executor/ruby_thread_pool_executor.rb:333:in `catch'
concurrent-ruby (1.2.2) lib/concurrent-ruby/concurrent/executor/ruby_thread_pool_executor.rb:333:in `block in create_worker'
Started GET "/" for 127.0.0.1 at 2023-11-28 17:30:56 +0200
Processing by Rails::WelcomeController#index as HTML
  Rendering C:/RailsInstaller/Ruby3.1.2/lib/ruby/gems/3.1.0/gems/railties-7.0.8/lib/rails/templates/rails/welcome/index.html.erb
  Rendered C:/RailsInstaller/Ruby3.1.2/lib/ruby/gems/3.1.0/gems/railties-7.0.8/lib/rails/templates/rails/welcome/index.html.erb (Duration: 1.4ms | Allocations: 301)
Completed 200 OK in 7ms (Views: 3.1ms | ActiveRecord: 0.0ms | Allocations: 1207)


Started GET "/home" for 127.0.0.1 at 2023-11-28 17:31:08 +0200
  
ActionController::RoutingError (No route matches [GET] "/home"):
  
Started GET "/home/index" for 127.0.0.1 at 2023-11-28 17:31:22 +0200
Processing by HomeController#index as HTML
  Rendering layout layouts/application.html.erb
  Rendering home/index.html.erb within layouts/application
  Rendered home/index.html.erb within layouts/application (Duration: 0.7ms | Allocations: 124)
  Rendered layout layouts/application.html.erb (Duration: 156.8ms | Allocations: 33895)
Completed 200 OK in 166ms (Views: 164.0ms | ActiveRecord: 0.0ms | Allocations: 34806)


Started GET "/home/index" for 127.0.0.1 at 2023-11-28 17:37:05 +0200
  
NoMethodError (undefined method `home' for #<ActionDispatch::Routing::Mapper:0x000001dc60f0e1a8 @set=#<ActionDispatch::Routing::RouteSet:0x000001dc5f1a3410>, @draw_paths=[#<Pathname:D:/Ruby/project/RailsProject/config/routes>], @scope=#<ActionDispatch::Routing::Mapper::Scope:0x000001dc60f0e158 @hash={:path_names=>{:new=>"new", :edit=>"edit"}}, @parent=#<ActionDispatch::Routing::Mapper::Scope:0x000001dc5f6cffd8 @hash=nil, @parent=nil, @scope_level=nil>, @scope_level=nil>, @concerns={}>

  home 'home#index'
  ^^^^):
  
config/routes.rb:3:in `block in <main>'
config/routes.rb:1:in `<main>'
Started GET "/" for 127.0.0.1 at 2023-11-28 17:37:11 +0200
  
ActionController::RoutingError (No route matches [GET] "/"):
  
Started GET "/" for 127.0.0.1 at 2023-11-28 17:37:16 +0200
  
ActionController::RoutingError (No route matches [GET] "/"):
  
Started GET "/" for 127.0.0.1 at 2023-11-28 17:37:18 +0200
  
ActionController::RoutingError (No route matches [GET] "/"):
  
Started GET "/" for 127.0.0.1 at 2023-11-28 17:37:47 +0200
Processing by HomeController#index as HTML
  Rendering layout layouts/application.html.erb
  Rendering home/index.html.erb within layouts/application
  Rendered home/index.html.erb within layouts/application (Duration: 0.2ms | Allocations: 12)
  Rendered layout layouts/application.html.erb (Duration: 21.5ms | Allocations: 14499)
Completed 200 OK in 25ms (Views: 23.5ms | ActiveRecord: 0.0ms | Allocations: 15149)


Started GET "/" for 127.0.0.1 at 2023-11-28 17:56:52 +0200
Processing by HomeController#index as HTML
  Rendering layout layouts/application.html.erb
  Rendering home/index.html.erb within layouts/application
  Rendered home/index.html.erb within layouts/application (Duration: 0.9ms | Allocations: 129)
  Rendered layout layouts/application.html.erb (Duration: 28.6ms | Allocations: 14835)
Completed 200 OK in 36ms (Views: 33.3ms | ActiveRecord: 0.0ms | Allocations: 15894)


Started GET "/" for 127.0.0.1 at 2023-11-28 18:03:09 +0200
Processing by HomeController#index as HTML
  Rendering layout layouts/application.html.erb
  Rendering home/index.html.erb within layouts/application
  Rendered home/index.html.erb within layouts/application (Duration: 0.8ms | Allocations: 124)
  Rendered home/_header.html.erb (Duration: 132.0ms | Allocations: 135)
  Rendered layout layouts/application.html.erb (Duration: 151.5ms | Allocations: 3334)
Completed 200 OK in 161ms (Views: 159.0ms | ActiveRecord: 0.0ms | Allocations: 4267)


Started GET "/" for 127.0.0.1 at 2023-11-28 18:04:21 +0200
Processing by HomeController#index as HTML
  Rendering layout layouts/application.html.erb
  Rendering home/index.html.erb within layouts/application
  Rendered home/index.html.erb within layouts/application (Duration: 0.6ms | Allocations: 124)
  Rendered home/_header.html.erb (Duration: 5.7ms | Allocations: 136)
  Rendered layout layouts/application.html.erb (Duration: 14.6ms | Allocations: 3319)
Completed 200 OK in 21ms (Views: 19.2ms | ActiveRecord: 0.0ms | Allocations: 4253)


Started GET "/" for 127.0.0.1 at 2023-11-28 18:06:08 +0200
Processing by HomeController#index as HTML
  Rendering layout layouts/application.html.erb
  Rendering home/index.html.erb within layouts/application
  Rendered home/index.html.erb within layouts/application (Duration: 1.0ms | Allocations: 124)
  Rendered home/_header.html.erb (Duration: 5.3ms | Allocations: 123)
  Rendered layout layouts/application.html.erb (Duration: 18.2ms | Allocations: 3309)
Completed 200 OK in 24ms (Views: 22.6ms | ActiveRecord: 0.0ms | Allocations: 4243)


Started GET "/" for 127.0.0.1 at 2023-11-28 18:07:30 +0200
Processing by HomeController#index as HTML
  Rendering layout layouts/application.html.erb
  Rendering home/index.html.erb within layouts/application
  Rendered home/index.html.erb within layouts/application (Duration: 0.8ms | Allocations: 124)
  Rendered home/_header.html.erb (Duration: 7.5ms | Allocations: 244)
  Rendered layout layouts/application.html.erb (Duration: 17.2ms | Allocations: 3427)
Completed 200 OK in 24ms (Views: 21.8ms | ActiveRecord: 0.0ms | Allocations: 4364)


Started GET "/" for 127.0.0.1 at 2023-11-28 18:08:35 +0200
Processing by HomeController#index as HTML
  Rendering layout layouts/application.html.erb
  Rendering home/index.html.erb within layouts/application
  Rendered home/index.html.erb within layouts/application (Duration: 0.9ms | Allocations: 124)
  Rendered home/_header.html.erb (Duration: 7.2ms | Allocations: 220)
  Rendered layout layouts/application.html.erb (Duration: 18.0ms | Allocations: 3385)
Completed 200 OK in 26ms (Views: 24.6ms | ActiveRecord: 0.0ms | Allocations: 4319)


